[0.377s] DEBUG:colcon:Command line arguments: ['/usr/bin/colcon', 'build', '--packages-select', 'tag_hover_controller']
[0.377s] DEBUG:colcon:Parsed command line arguments: Namespace(log_base=None, log_level=None, verb_name='build', build_base='build', install_base='install', merge_install=False, symlink_install=False, test_result_base=None, continue_on_error=False, executor='parallel', parallel_workers=4, event_handlers=None, ignore_user_meta=False, metas=['./colcon.meta'], base_paths=['.'], packages_ignore=None, packages_ignore_regex=None, paths=None, packages_up_to=None, packages_up_to_regex=None, packages_above=None, packages_above_and_dependencies=None, packages_above_depth=None, packages_select_by_dep=None, packages_skip_by_dep=None, packages_skip_up_to=None, packages_select_build_failed=False, packages_skip_build_finished=False, packages_select_test_failures=False, packages_skip_test_passed=False, packages_select=['tag_hover_controller'], packages_skip=None, packages_select_regex=None, packages_skip_regex=None, packages_start=None, packages_end=None, cmake_args=None, cmake_target=None, cmake_target_skip_unavailable=False, cmake_clean_cache=False, cmake_clean_first=False, cmake_force_configure=False, ament_cmake_args=None, catkin_cmake_args=None, catkin_skip_building_tests=False, verb_parser=<colcon_defaults.argument_parser.defaults.DefaultArgumentsDecorator object at 0xffffa2969220>, verb_extension=<colcon_core.verb.build.BuildVerb object at 0xffffa2968f20>, main=<bound method BuildVerb.main of <colcon_core.verb.build.BuildVerb object at 0xffffa2968f20>>)
[0.480s] Level 1:colcon.colcon_core.package_discovery:discover_packages(colcon_meta) check parameters
[0.480s] Level 1:colcon.colcon_core.package_discovery:discover_packages(recursive) check parameters
[0.480s] Level 1:colcon.colcon_core.package_discovery:discover_packages(ignore) check parameters
[0.480s] Level 1:colcon.colcon_core.package_discovery:discover_packages(path) check parameters
[0.480s] Level 1:colcon.colcon_core.package_discovery:discover_packages(colcon_meta) discover
[0.480s] Level 1:colcon.colcon_core.package_discovery:discover_packages(recursive) discover
[0.480s] INFO:colcon.colcon_core.package_discovery:Crawling recursively for packages in '/home/mars/ros2_ws'
[0.481s] Level 1:colcon.colcon_core.package_identification:_identify(.) by extensions ['ignore', 'ignore_ament_install']
[0.481s] Level 1:colcon.colcon_core.package_identification:_identify(.) by extension 'ignore'
[0.481s] Level 1:colcon.colcon_core.package_identification:_identify(.) by extension 'ignore_ament_install'
[0.481s] Level 1:colcon.colcon_core.package_identification:_identify(.) by extensions ['colcon_pkg']
[0.481s] Level 1:colcon.colcon_core.package_identification:_identify(.) by extension 'colcon_pkg'
[0.481s] Level 1:colcon.colcon_core.package_identification:_identify(.) by extensions ['colcon_meta']
[0.481s] Level 1:colcon.colcon_core.package_identification:_identify(.) by extension 'colcon_meta'
[0.481s] Level 1:colcon.colcon_core.package_identification:_identify(.) by extensions ['ros']
[0.481s] Level 1:colcon.colcon_core.package_identification:_identify(.) by extension 'ros'
[0.569s] Level 1:colcon.colcon_core.package_identification:_identify(.) by extensions ['cmake', 'python']
[0.569s] Level 1:colcon.colcon_core.package_identification:_identify(.) by extension 'cmake'
[0.569s] Level 1:colcon.colcon_core.package_identification:_identify(.) by extension 'python'
[0.570s] Level 1:colcon.colcon_core.package_identification:_identify(.) by extensions ['python_setup_py']
[0.570s] Level 1:colcon.colcon_core.package_identification:_identify(.) by extension 'python_setup_py'
[0.570s] Level 1:colcon.colcon_core.package_identification:_identify(build) by extensions ['ignore', 'ignore_ament_install']
[0.570s] Level 1:colcon.colcon_core.package_identification:_identify(build) by extension 'ignore'
[0.570s] Level 1:colcon.colcon_core.package_identification:_identify(build) ignored
[0.570s] Level 1:colcon.colcon_core.package_identification:_identify(install) by extensions ['ignore', 'ignore_ament_install']
[0.571s] Level 1:colcon.colcon_core.package_identification:_identify(install) by extension 'ignore'
[0.571s] Level 1:colcon.colcon_core.package_identification:_identify(install) ignored
[0.571s] Level 1:colcon.colcon_core.package_identification:_identify(log) by extensions ['ignore', 'ignore_ament_install']
[0.571s] Level 1:colcon.colcon_core.package_identification:_identify(log) by extension 'ignore'
[0.571s] Level 1:colcon.colcon_core.package_identification:_identify(log) ignored
[0.571s] Level 1:colcon.colcon_core.package_identification:_identify(src) by extensions ['ignore', 'ignore_ament_install']
[0.571s] Level 1:colcon.colcon_core.package_identification:_identify(src) by extension 'ignore'
[0.571s] Level 1:colcon.colcon_core.package_identification:_identify(src) by extension 'ignore_ament_install'
[0.572s] Level 1:colcon.colcon_core.package_identification:_identify(src) by extensions ['colcon_pkg']
[0.572s] Level 1:colcon.colcon_core.package_identification:_identify(src) by extension 'colcon_pkg'
[0.572s] Level 1:colcon.colcon_core.package_identification:_identify(src) by extensions ['colcon_meta']
[0.572s] Level 1:colcon.colcon_core.package_identification:_identify(src) by extension 'colcon_meta'
[0.572s] Level 1:colcon.colcon_core.package_identification:_identify(src) by extensions ['ros']
[0.572s] Level 1:colcon.colcon_core.package_identification:_identify(src) by extension 'ros'
[0.572s] Level 1:colcon.colcon_core.package_identification:_identify(src) by extensions ['cmake', 'python']
[0.572s] Level 1:colcon.colcon_core.package_identification:_identify(src) by extension 'cmake'
[0.572s] Level 1:colcon.colcon_core.package_identification:_identify(src) by extension 'python'
[0.572s] Level 1:colcon.colcon_core.package_identification:_identify(src) by extensions ['python_setup_py']
[0.572s] Level 1:colcon.colcon_core.package_identification:_identify(src) by extension 'python_setup_py'
[0.572s] Level 1:colcon.colcon_core.package_identification:_identify(src/tag_hover_controller) by extensions ['ignore', 'ignore_ament_install']
[0.573s] Level 1:colcon.colcon_core.package_identification:_identify(src/tag_hover_controller) by extension 'ignore'
[0.573s] Level 1:colcon.colcon_core.package_identification:_identify(src/tag_hover_controller) by extension 'ignore_ament_install'
[0.573s] Level 1:colcon.colcon_core.package_identification:_identify(src/tag_hover_controller) by extensions ['colcon_pkg']
[0.573s] Level 1:colcon.colcon_core.package_identification:_identify(src/tag_hover_controller) by extension 'colcon_pkg'
[0.573s] Level 1:colcon.colcon_core.package_identification:_identify(src/tag_hover_controller) by extensions ['colcon_meta']
[0.573s] Level 1:colcon.colcon_core.package_identification:_identify(src/tag_hover_controller) by extension 'colcon_meta'
[0.573s] Level 1:colcon.colcon_core.package_identification:_identify(src/tag_hover_controller) by extensions ['ros']
[0.573s] Level 1:colcon.colcon_core.package_identification:_identify(src/tag_hover_controller) by extension 'ros'
[0.581s] DEBUG:colcon.colcon_core.package_identification:Package 'src/tag_hover_controller' with type 'ros.ament_python' and name 'tag_hover_controller'
[0.581s] Level 1:colcon.colcon_core.package_discovery:discover_packages(recursive) using defaults
[0.581s] Level 1:colcon.colcon_core.package_discovery:discover_packages(ignore) discover
[0.581s] Level 1:colcon.colcon_core.package_discovery:discover_packages(ignore) using defaults
[0.581s] Level 1:colcon.colcon_core.package_discovery:discover_packages(path) discover
[0.581s] Level 1:colcon.colcon_core.package_discovery:discover_packages(path) using defaults
[0.618s] Level 5:colcon.colcon_core.verb:set package 'tag_hover_controller' build argument 'cmake_args' from command line to 'None'
[0.619s] Level 5:colcon.colcon_core.verb:set package 'tag_hover_controller' build argument 'cmake_target' from command line to 'None'
[0.619s] Level 5:colcon.colcon_core.verb:set package 'tag_hover_controller' build argument 'cmake_target_skip_unavailable' from command line to 'False'
[0.619s] Level 5:colcon.colcon_core.verb:set package 'tag_hover_controller' build argument 'cmake_clean_cache' from command line to 'False'
[0.619s] Level 5:colcon.colcon_core.verb:set package 'tag_hover_controller' build argument 'cmake_clean_first' from command line to 'False'
[0.619s] Level 5:colcon.colcon_core.verb:set package 'tag_hover_controller' build argument 'cmake_force_configure' from command line to 'False'
[0.619s] Level 5:colcon.colcon_core.verb:set package 'tag_hover_controller' build argument 'ament_cmake_args' from command line to 'None'
[0.619s] Level 5:colcon.colcon_core.verb:set package 'tag_hover_controller' build argument 'catkin_cmake_args' from command line to 'None'
[0.619s] Level 5:colcon.colcon_core.verb:set package 'tag_hover_controller' build argument 'catkin_skip_building_tests' from command line to 'False'
[0.619s] DEBUG:colcon.colcon_core.verb:Building package 'tag_hover_controller' with the following arguments: {'ament_cmake_args': None, 'build_base': '/home/mars/ros2_ws/build/tag_hover_controller', 'catkin_cmake_args': None, 'catkin_skip_building_tests': False, 'cmake_args': None, 'cmake_clean_cache': False, 'cmake_clean_first': False, 'cmake_force_configure': False, 'cmake_target': None, 'cmake_target_skip_unavailable': False, 'install_base': '/home/mars/ros2_ws/install/tag_hover_controller', 'merge_install': False, 'path': '/home/mars/ros2_ws/src/tag_hover_controller', 'symlink_install': False, 'test_result_base': None}
[0.619s] INFO:colcon.colcon_core.executor:Executing jobs using 'parallel' executor
[0.620s] DEBUG:colcon.colcon_parallel_executor.executor.parallel:run_until_complete
[0.621s] INFO:colcon.colcon_ros.task.ament_python.build:Building ROS package in '/home/mars/ros2_ws/src/tag_hover_controller' with build type 'ament_python'
[0.621s] Level 1:colcon.colcon_core.shell:create_environment_hook('tag_hover_controller', 'ament_prefix_path')
[0.632s] INFO:colcon.colcon_core.plugin_system:Skipping extension 'colcon_core.shell.bat': Not used on non-Windows systems
[0.632s] INFO:colcon.colcon_core.shell:Creating environment descriptor '/home/mars/ros2_ws/install/tag_hover_controller/share/tag_hover_controller/hook/ament_prefix_path.dsv'
[0.634s] INFO:colcon.colcon_core.shell:Creating environment hook '/home/mars/ros2_ws/install/tag_hover_controller/share/tag_hover_controller/hook/ament_prefix_path.sh'
[0.636s] DEBUG:colcon.colcon_core.shell:Skip shell extension 'dsv' for command environment
[1.023s] INFO:colcon.colcon_core.task.python.build:Building Python package in '/home/mars/ros2_ws/src/tag_hover_controller'
[1.024s] DEBUG:colcon.colcon_core.shell:Skip shell extension 'dsv' for command environment
[2.422s] DEBUG:colcon.colcon_core.event_handler.log_command:Invoking command in '/home/mars/ros2_ws/src/tag_hover_controller': DEBUGINFOD_URLS=https://debuginfod.ubuntu.com PYTHONPATH=/home/mars/ros2_ws/build/tag_hover_controller/prefix_override:/usr/lib/python3/dist-packages/colcon_core/task/python/colcon_distutils_commands:/home/mars/ros2_ws/install/tag_hover_controller/lib/python3.12/site-packages:${PYTHONPATH} /usr/bin/python3 -W ignore:setup.py install is deprecated -W ignore:easy_install command is deprecated setup.py egg_info --egg-base ../../build/tag_hover_controller build --build-base /home/mars/ros2_ws/build/tag_hover_controller/build install --record /home/mars/ros2_ws/build/tag_hover_controller/install.log --single-version-externally-managed install_data
[3.362s] DEBUG:colcon.colcon_core.event_handler.log_command:Invoked command in '/home/mars/ros2_ws/src/tag_hover_controller' returned '0': DEBUGINFOD_URLS=https://debuginfod.ubuntu.com PYTHONPATH=/home/mars/ros2_ws/build/tag_hover_controller/prefix_override:/usr/lib/python3/dist-packages/colcon_core/task/python/colcon_distutils_commands:/home/mars/ros2_ws/install/tag_hover_controller/lib/python3.12/site-packages:${PYTHONPATH} /usr/bin/python3 -W ignore:setup.py install is deprecated -W ignore:easy_install command is deprecated setup.py egg_info --egg-base ../../build/tag_hover_controller build --build-base /home/mars/ros2_ws/build/tag_hover_controller/build install --record /home/mars/ros2_ws/build/tag_hover_controller/install.log --single-version-externally-managed install_data
[3.369s] Level 1:colcon.colcon_core.environment:checking '/home/mars/ros2_ws/install/tag_hover_controller' for CMake module files
[3.370s] Level 1:colcon.colcon_core.environment:checking '/home/mars/ros2_ws/install/tag_hover_controller' for CMake config files
[3.371s] Level 1:colcon.colcon_core.environment:checking '/home/mars/ros2_ws/install/tag_hover_controller/lib'
[3.371s] Level 1:colcon.colcon_core.environment:checking '/home/mars/ros2_ws/install/tag_hover_controller/bin'
[3.371s] Level 1:colcon.colcon_core.environment:checking '/home/mars/ros2_ws/install/tag_hover_controller/lib/pkgconfig/tag_hover_controller.pc'
[3.371s] Level 1:colcon.colcon_core.environment:checking '/home/mars/ros2_ws/install/tag_hover_controller/lib/python3.12/site-packages'
[3.371s] Level 1:colcon.colcon_core.shell:create_environment_hook('tag_hover_controller', 'pythonpath')
[3.372s] INFO:colcon.colcon_core.shell:Creating environment descriptor '/home/mars/ros2_ws/install/tag_hover_controller/share/tag_hover_controller/hook/pythonpath.dsv'
[3.372s] INFO:colcon.colcon_core.shell:Creating environment hook '/home/mars/ros2_ws/install/tag_hover_controller/share/tag_hover_controller/hook/pythonpath.sh'
[3.374s] Level 1:colcon.colcon_core.environment:checking '/home/mars/ros2_ws/install/tag_hover_controller/bin'
[3.374s] Level 1:colcon.colcon_core.environment:create_environment_scripts_only(tag_hover_controller)
[3.374s] INFO:colcon.colcon_core.shell:Creating package descriptor '/home/mars/ros2_ws/install/tag_hover_controller/share/tag_hover_controller/package.dsv'
[3.375s] INFO:colcon.colcon_core.shell:Creating package script '/home/mars/ros2_ws/install/tag_hover_controller/share/tag_hover_controller/package.sh'
[3.378s] INFO:colcon.colcon_core.shell:Creating package script '/home/mars/ros2_ws/install/tag_hover_controller/share/tag_hover_controller/package.bash'
[3.381s] INFO:colcon.colcon_core.shell:Creating package script '/home/mars/ros2_ws/install/tag_hover_controller/share/tag_hover_controller/package.zsh'
[3.383s] Level 1:colcon.colcon_core.environment:create_file_with_runtime_dependencies(/home/mars/ros2_ws/install/tag_hover_controller/share/colcon-core/packages/tag_hover_controller)
[3.385s] DEBUG:colcon.colcon_parallel_executor.executor.parallel:closing loop
[3.385s] DEBUG:colcon.colcon_parallel_executor.executor.parallel:loop closed
[3.385s] DEBUG:colcon.colcon_parallel_executor.executor.parallel:run_until_complete finished with '0'
[3.385s] DEBUG:colcon.colcon_core.event_reactor:joining thread
[3.396s] INFO:colcon.colcon_core.plugin_system:Skipping extension 'colcon_notification.desktop_notification.terminal_notifier': Not used on non-Darwin systems
[3.396s] INFO:colcon.colcon_core.plugin_system:Skipping extension 'colcon_notification.desktop_notification.win32': Not used on non-Windows systems
[3.396s] INFO:colcon.colcon_notification.desktop_notification:Sending desktop notification using 'notify2'
[3.452s] DEBUG:colcon.colcon_core.event_reactor:joined thread
[3.452s] INFO:colcon.colcon_core.shell:Creating prefix script '/home/mars/ros2_ws/install/local_setup.sh'
[3.454s] INFO:colcon.colcon_core.shell:Creating prefix util module '/home/mars/ros2_ws/install/_local_setup_util_sh.py'
[3.457s] INFO:colcon.colcon_core.shell:Creating prefix chain script '/home/mars/ros2_ws/install/setup.sh'
[3.461s] INFO:colcon.colcon_core.shell:Creating prefix script '/home/mars/ros2_ws/install/local_setup.bash'
[3.464s] INFO:colcon.colcon_core.shell:Creating prefix chain script '/home/mars/ros2_ws/install/setup.bash'
[3.466s] INFO:colcon.colcon_core.shell:Creating prefix script '/home/mars/ros2_ws/install/local_setup.zsh'
[3.468s] INFO:colcon.colcon_core.shell:Creating prefix chain script '/home/mars/ros2_ws/install/setup.zsh'
