/home/mars/ros2_ws/install/tag_hover_controller/lib/python3.12/site-packages/tag_hover_controller/apriltag_pnp_broadcaster.py
/home/mars/ros2_ws/install/tag_hover_controller/lib/python3.12/site-packages/tag_hover_controller/hover_yaw_search.py
/home/mars/ros2_ws/install/tag_hover_controller/lib/python3.12/site-packages/tag_hover_controller/__init__.py
/home/mars/ros2_ws/install/tag_hover_controller/lib/python3.12/site-packages/tag_hover_controller/hover_yaw_search_old_version.py
/home/mars/ros2_ws/install/tag_hover_controller/lib/python3.12/site-packages/tag_hover_controller/apriltag_tf_broadcaster.py
/home/mars/ros2_ws/install/tag_hover_controller/lib/python3.12/site-packages/tag_hover_controller/hover_yaw_search_v1.py
/home/mars/ros2_ws/install/tag_hover_controller/lib/python3.12/site-packages/tag_hover_controller/__pycache__/apriltag_pnp_broadcaster.cpython-312.pyc
/home/mars/ros2_ws/install/tag_hover_controller/lib/python3.12/site-packages/tag_hover_controller/__pycache__/hover_yaw_search.cpython-312.pyc
/home/mars/ros2_ws/install/tag_hover_controller/lib/python3.12/site-packages/tag_hover_controller/__pycache__/__init__.cpython-312.pyc
/home/mars/ros2_ws/install/tag_hover_controller/lib/python3.12/site-packages/tag_hover_controller/__pycache__/hover_yaw_search_old_version.cpython-312.pyc
/home/mars/ros2_ws/install/tag_hover_controller/lib/python3.12/site-packages/tag_hover_controller/__pycache__/apriltag_tf_broadcaster.cpython-312.pyc
/home/mars/ros2_ws/install/tag_hover_controller/lib/python3.12/site-packages/tag_hover_controller/__pycache__/hover_yaw_search_v1.cpython-312.pyc
/home/mars/ros2_ws/install/tag_hover_controller/share/ament_index/resource_index/packages/tag_hover_controller
/home/mars/ros2_ws/install/tag_hover_controller/share/tag_hover_controller/package.xml
/home/mars/ros2_ws/install/tag_hover_controller/share/tag_hover_controller/launch/lockon_backbone.launch.py
/home/mars/ros2_ws/install/tag_hover_controller/lib/python3.12/site-packages/tag_hover_controller-0.0.0-py3.12.egg-info/dependency_links.txt
/home/mars/ros2_ws/install/tag_hover_controller/lib/python3.12/site-packages/tag_hover_controller-0.0.0-py3.12.egg-info/zip-safe
/home/mars/ros2_ws/install/tag_hover_controller/lib/python3.12/site-packages/tag_hover_controller-0.0.0-py3.12.egg-info/top_level.txt
/home/mars/ros2_ws/install/tag_hover_controller/lib/python3.12/site-packages/tag_hover_controller-0.0.0-py3.12.egg-info/entry_points.txt
/home/mars/ros2_ws/install/tag_hover_controller/lib/python3.12/site-packages/tag_hover_controller-0.0.0-py3.12.egg-info/SOURCES.txt
/home/mars/ros2_ws/install/tag_hover_controller/lib/python3.12/site-packages/tag_hover_controller-0.0.0-py3.12.egg-info/PKG-INFO
/home/mars/ros2_ws/install/tag_hover_controller/lib/python3.12/site-packages/tag_hover_controller-0.0.0-py3.12.egg-info/requires.txt
/home/mars/ros2_ws/install/tag_hover_controller/lib/tag_hover_controller/apriltag_pnp_broadcaster
/home/mars/ros2_ws/install/tag_hover_controller/lib/tag_hover_controller/apriltag_tf_broadcaster
/home/mars/ros2_ws/install/tag_hover_controller/lib/tag_hover_controller/hover_yaw_search
/home/mars/ros2_ws/install/tag_hover_controller/lib/tag_hover_controller/hover_yaw_search_v1
